情報: Serverのバージョン名:     Apache Tomcat/9.0.70 [木 7月 27 15:03:07 JST 2023]
情報: Server ビルド:            Dec 1 2022 14:05:47 UTC [木 7月 27 15:03:07 JST 2023]
情報: サーバーのバージョン番号: 9.0.70.0 [木 7月 27 15:03:07 JST 2023]
情報: OS 名:                    Windows 11 [木 7月 27 15:03:07 JST 2023]
情報: OS バージョン:            10.0 [木 7月 27 15:03:07 JST 2023]
情報: アーキテクチャ:           amd64 [木 7月 27 15:03:07 JST 2023]
情報: Java Home:                C:\pleiades\2022-12\java\17 [木 7月 27 15:03:07 JST 2023]
情報: JVM バージョン:           17.0.5+8 [木 7月 27 15:03:07 JST 2023]
情報: JVM ベンダ:               Eclipse Adoptium [木 7月 27 15:03:07 JST 2023]
情報: CATALINA_BASE:            C:\LetsEngineer\curriculum\.metadata\.plugins\org.eclipse.wst.server.core\tmp2 [木 7月 27 15:03:07 JST 2023]
情報: CATALINA_HOME:            C:\pleiades\2022-12\tomcat\9 [木 7月 27 15:03:07 JST 2023]
情報: コマンドライン引数:       -Dcatalina.base=C:\LetsEngineer\curriculum\.metadata\.plugins\org.eclipse.wst.server.core\tmp2 [木 7月 27 15:03:07 JST 2023]
情報: コマンドライン引数:       -Dcatalina.home=C:\pleiades\2022-12\tomcat\9 [木 7月 27 15:03:07 JST 2023]
情報: コマンドライン引数:       -Dwtp.deploy=C:\LetsEngineer\curriculum\.metadata\.plugins\org.eclipse.wst.server.core\tmp2\wtpwebapps [木 7月 27 15:03:07 JST 2023]
情報: コマンドライン引数:       --add-opens=java.base/java.lang=ALL-UNNAMED [木 7月 27 15:03:07 JST 2023]
情報: コマンドライン引数:       --add-opens=java.base/java.io=ALL-UNNAMED [木 7月 27 15:03:07 JST 2023]
情報: コマンドライン引数:       --add-opens=java.base/java.util=ALL-UNNAMED [木 7月 27 15:03:07 JST 2023]
情報: コマンドライン引数:       --add-opens=java.base/java.util.concurrent=ALL-UNNAMED [木 7月 27 15:03:07 JST 2023]
情報: コマンドライン引数:       --add-opens=java.rmi/sun.rmi.transport=ALL-UNNAMED [木 7月 27 15:03:07 JST 2023]
情報: コマンドライン引数:       -Dfile.encoding=UTF-8 [木 7月 27 15:03:07 JST 2023]
情報: コマンドライン引数:       -XX:+ShowCodeDetailsInExceptionMessages [木 7月 27 15:03:07 JST 2023]
情報: 商用環境に最適な性能を発揮する APR ベースの Tomcat ネイティブライブラリが java.library.path [C:\pleiades\2022-12\java\17\bin;C:\WINDOWS\Sun\Java\bin;C:\WINDOWS\system32;C:\WINDOWS;C:/pleiades/2022-12/java/17/bin/server;C:/pleiades/2022-12/java/17/bin;c:\program files\common files\oracle\java\javapath;c:\pr;gram files\eclipse adoptium\jdk-17.0.1.12-hotspot\bin;c:\windows\system32;c:\windows;c:\windows\system32\wbem;c:\windows\system32\windowspowershell\v1.0\;c:\windows\system32\openssh\;c:\program files\nvidia corporation\nvidia nvdlisr;c:\program files\dotnet\;c:\windows\system32;c:\windows;c:\windows\system32\wbem;c:\windows\system32\windowspowershell\v1.0\;c:\windows\system32\openssh\;c:\program files\git\cmd;C:\Program Files (x86)\NVIDIA Corporation\PhysX\Common;C:\Users\machi\AppData\Local\Microsoft\WindowsApps;E:\Microsoft VS Code\bin;C:\Users\machi\.dotnet\tools;C:\Users\machi\AppData\Local\GitHubDesktop\bin;C:\Users\machi\AppData\Local\Microsoft\WindowsApps;C:\pleiades\2022-12\eclipse;;.] に存在しません。 [木 7月 27 15:03:07 JST 2023]
情報: プロトコルハンドラ ["http-nio-8080"] を初期化します。 [木 7月 27 15:03:07 JST 2023]
情報: サーバーの初期化 [364] ミリ秒 [木 7月 27 15:03:07 JST 2023]
情報: サービス [Catalina] を起動します [木 7月 27 15:03:07 JST 2023]
情報: サーブレットエンジンの起動：[Apache Tomcat/9.0.70] [木 7月 27 15:03:07 JST 2023]
情報: 少なくとも1つのJARでTLDをスキャンしましたが、TLDが含まれていませんでした。スキャンしたもののTLDが見つからなかったJARの完全なリストについては、このロガーのデバッグログを有効にしてください。スキャン中に不要なJARをスキップすると、起動時間とJSPのコンパイル時間が短縮されます。 [木 7月 27 15:03:08 JST 2023]
情報: プロトコルハンドラー ["http-nio-8080"] を開始しました。 [木 7月 27 15:03:08 JST 2023]
情報: サーバーの起動 [496] ミリ秒 [木 7月 27 15:03:08 JST 2023]
情報: 有効なシャットダウンコマンドがシャットダウンポート経由で受信されました。 サーバーインスタンスを停止します。 [木 7月 27 15:03:50 JST 2023]
情報: ProtocolHandler ["http-nio-8080"] を一時停止します。 [木 7月 27 15:03:50 JST 2023]
情報: サービス [Catalina] を停止します [木 7月 27 15:03:50 JST 2023]
情報: ProtocolHandler ["http-nio-8080"]の停止中 [木 7月 27 15:03:50 JST 2023]
情報: ProtocolHandler ["http-nio-8080"] を破棄します。 [木 7月 27 15:03:50 JST 2023]
